<?xml version="1.0" encoding="UTF-8"?>
<testsuite name="C:/Users/91966/E2ERestfulBooker"
           tests="3"
           failures="0"
           errors="0"
           skipped="0"
           time="22.312">
    <properties></properties>



            <testcase
                name="getExistingBooking_UpdateBooking_GetBookingIdAndVerify"
                time="4.802"
                classname="org.E2ERestfulBooker.tests.crud.IntegrationTesting">
            </testcase>
            <testcase
                name="createBooking_UpdateBooking_GetBookingByIdAndVerify"
                time="12.171"
                classname="org.E2ERestfulBooker.tests.crud.IntegrationTesting">
            </testcase>
            <testcase
                name="createBooking_DeleteBooking_GetBookingByIdNotExists"
                time="5.339"
                classname="org.E2ERestfulBooker.tests.crud.IntegrationTesting">
            </testcase>
</testsuite>
